This file contains any messages produced by compilers while
running configure, to aid debugging if configure makes a mistake.

It was created by Verilator configure 4.106 2020-12-02, which was
generated by GNU Autoconf 2.71.  Invocation command line was

  $ ./configure

## --------- ##
## Platform. ##
## --------- ##

hostname = Ubaid-PC
uname -m = x86_64
uname -r = 5.15.0-58-generic
uname -s = Linux
uname -v = #64-Ubuntu SMP Thu Jan 5 11:43:13 UTC 2023

/usr/bin/uname -p = x86_64
/bin/uname -X     = unknown

/bin/arch              = x86_64
/usr/bin/arch -k       = unknown
/usr/convex/getsysinfo = unknown
/usr/bin/hostinfo      = unknown
/bin/machine           = unknown
/usr/bin/oslevel       = unknown
/bin/universe          = unknown

PATH: /usr/local/sbin/
PATH: /usr/local/bin/
PATH: /usr/sbin/
PATH: /usr/bin/
PATH: /sbin/
PATH: /bin/
PATH: /usr/games/
PATH: /usr/local/games/
PATH: /snap/bin/
PATH: /snap/bin/


## ----------- ##
## Core tests. ##
## ----------- ##

configure:2638: looking for aux files: install-sh
configure:2651:  trying ./
configure:2662:   ./install-sh found
configure:2801: result: configuring for Verilator 4.106 2020-12-02
configure:2827: checking whether to perform partial static linking of Verilator binary
configure:2841: result: yes
configure:2845: checking whether to use tcmalloc
configure:2859: result: check
configure:2863: checking whether to use hardcoded paths
configure:2878: result: yes
configure:2882: checking whether to show and stop on compilation warnings
configure:2901: result: no
configure:2905: checking whether to run long tests
configure:2924: result: no
configure:2996: checking for gcc
configure:3017: found /usr/bin/gcc
configure:3028: result: gcc
configure:3381: checking for C compiler version
configure:3390: gcc --version >&5
gcc (Ubuntu 11.3.0-1ubuntu1~22.04) 11.3.0
Copyright (C) 2021 Free Software Foundation, Inc.
This is free software; see the source for copying conditions.  There is NO
warranty; not even for MERCHANTABILITY or FITNESS FOR A PARTICULAR PURPOSE.

configure:3401: $? = 0
configure:3390: gcc -v >&5
Using built-in specs.
COLLECT_GCC=gcc
COLLECT_LTO_WRAPPER=/usr/lib/gcc/x86_64-linux-gnu/11/lto-wrapper
OFFLOAD_TARGET_NAMES=nvptx-none:amdgcn-amdhsa
OFFLOAD_TARGET_DEFAULT=1
Target: x86_64-linux-gnu
Configured with: ../src/configure -v --with-pkgversion='Ubuntu 11.3.0-1ubuntu1~22.04' --with-bugurl=file:///usr/share/doc/gcc-11/README.Bugs --enable-languages=c,ada,c++,go,brig,d,fortran,objc,obj-c++,m2 --prefix=/usr --with-gcc-major-version-only --program-suffix=-11 --program-prefix=x86_64-linux-gnu- --enable-shared --enable-linker-build-id --libexecdir=/usr/lib --without-included-gettext --enable-threads=posix --libdir=/usr/lib --enable-nls --enable-bootstrap --enable-clocale=gnu --enable-libstdcxx-debug --enable-libstdcxx-time=yes --with-default-libstdcxx-abi=new --enable-gnu-unique-object --disable-vtable-verify --enable-plugin --enable-default-pie --with-system-zlib --enable-libphobos-checking=release --with-target-system-zlib=auto --enable-objc-gc=auto --enable-multiarch --disable-werror --enable-cet --with-arch-32=i686 --with-abi=m64 --with-multilib-list=m32,m64,mx32 --enable-multilib --with-tune=generic --enable-offload-targets=nvptx-none=/build/gcc-11-xKiWfi/gcc-11-11.3.0/debian/tmp-nvptx/usr,amdgcn-amdhsa=/build/gcc-11-xKiWfi/gcc-11-11.3.0/debian/tmp-gcn/usr --without-cuda-driver --enable-checking=release --build=x86_64-linux-gnu --host=x86_64-linux-gnu --target=x86_64-linux-gnu --with-build-config=bootstrap-lto-lean --enable-link-serialization=2
Thread model: posix
Supported LTO compression algorithms: zlib zstd
gcc version 11.3.0 (Ubuntu 11.3.0-1ubuntu1~22.04) 
... rest of stderr output deleted ...
configure:3401: $? = 0
configure:3390: gcc -V >&5
gcc: error: unrecognized command-line option '-V'
gcc: fatal error: no input files
compilation terminated.
configure:3401: $? = 1
configure:3390: gcc -qversion >&5
gcc: error: unrecognized command-line option '-qversion'; did you mean '--version'?
gcc: fatal error: no input files
compilation terminated.
configure:3401: $? = 1
configure:3390: gcc -version >&5
gcc: error: unrecognized command-line option '-version'
gcc: fatal error: no input files
compilation terminated.
configure:3401: $? = 1
configure:3421: checking whether the C compiler works
configure:3443: gcc       conftest.c  >&5
configure:3447: $? = 0
configure:3497: result: yes
configure:3500: checking for C compiler default output file name
configure:3502: result: a.out
configure:3508: checking for suffix of executables
configure:3515: gcc -o conftest       conftest.c  >&5
configure:3519: $? = 0
configure:3542: result: 
configure:3564: checking whether we are cross compiling
configure:3572: gcc -o conftest       conftest.c  >&5
configure:3576: $? = 0
configure:3583: ./conftest
configure:3587: $? = 0
configure:3602: result: no
configure:3607: checking for suffix of object files
configure:3630: gcc -c     conftest.c >&5
configure:3634: $? = 0
configure:3656: result: o
configure:3660: checking whether the compiler supports GNU C
configure:3680: gcc -c     conftest.c >&5
configure:3680: $? = 0
configure:3690: result: yes
configure:3701: checking whether gcc accepts -g
configure:3722: gcc -c -g   conftest.c >&5
configure:3722: $? = 0
configure:3766: result: yes
configure:3786: checking for gcc option to enable C11 features
configure:3801: gcc  -c     conftest.c >&5
configure:3801: $? = 0
configure:3819: result: none needed
configure:3998: checking for g++
configure:4019: found /usr/bin/g++
configure:4030: result: g++
configure:4057: checking for C++ compiler version
configure:4066: g++ --version >&5
g++ (Ubuntu 11.3.0-1ubuntu1~22.04) 11.3.0
Copyright (C) 2021 Free Software Foundation, Inc.
This is free software; see the source for copying conditions.  There is NO
warranty; not even for MERCHANTABILITY or FITNESS FOR A PARTICULAR PURPOSE.

configure:4077: $? = 0
configure:4066: g++ -v >&5
Using built-in specs.
COLLECT_GCC=g++
COLLECT_LTO_WRAPPER=/usr/lib/gcc/x86_64-linux-gnu/11/lto-wrapper
OFFLOAD_TARGET_NAMES=nvptx-none:amdgcn-amdhsa
OFFLOAD_TARGET_DEFAULT=1
Target: x86_64-linux-gnu
Configured with: ../src/configure -v --with-pkgversion='Ubuntu 11.3.0-1ubuntu1~22.04' --with-bugurl=file:///usr/share/doc/gcc-11/README.Bugs --enable-languages=c,ada,c++,go,brig,d,fortran,objc,obj-c++,m2 --prefix=/usr --with-gcc-major-version-only --program-suffix=-11 --program-prefix=x86_64-linux-gnu- --enable-shared --enable-linker-build-id --libexecdir=/usr/lib --without-included-gettext --enable-threads=posix --libdir=/usr/lib --enable-nls --enable-bootstrap --enable-clocale=gnu --enable-libstdcxx-debug --enable-libstdcxx-time=yes --with-default-libstdcxx-abi=new --enable-gnu-unique-object --disable-vtable-verify --enable-plugin --enable-default-pie --with-system-zlib --enable-libphobos-checking=release --with-target-system-zlib=auto --enable-objc-gc=auto --enable-multiarch --disable-werror --enable-cet --with-arch-32=i686 --with-abi=m64 --with-multilib-list=m32,m64,mx32 --enable-multilib --with-tune=generic --enable-offload-targets=nvptx-none=/build/gcc-11-xKiWfi/gcc-11-11.3.0/debian/tmp-nvptx/usr,amdgcn-amdhsa=/build/gcc-11-xKiWfi/gcc-11-11.3.0/debian/tmp-gcn/usr --without-cuda-driver --enable-checking=release --build=x86_64-linux-gnu --host=x86_64-linux-gnu --target=x86_64-linux-gnu --with-build-config=bootstrap-lto-lean --enable-link-serialization=2
Thread model: posix
Supported LTO compression algorithms: zlib zstd
gcc version 11.3.0 (Ubuntu 11.3.0-1ubuntu1~22.04) 
... rest of stderr output deleted ...
configure:4077: $? = 0
configure:4066: g++ -V >&5
g++: error: unrecognized command-line option '-V'
g++: fatal error: no input files
compilation terminated.
configure:4077: $? = 1
configure:4066: g++ -qversion >&5
g++: error: unrecognized command-line option '-qversion'; did you mean '--version'?
g++: fatal error: no input files
compilation terminated.
configure:4077: $? = 1
configure:4081: checking whether the compiler supports GNU C++
configure:4101: g++ -c     conftest.cpp >&5
configure:4101: $? = 0
configure:4111: result: yes
configure:4122: checking whether g++ accepts -g
configure:4143: g++ -c -g   conftest.cpp >&5
configure:4143: $? = 0
configure:4187: result: yes
configure:4207: checking for g++ option to enable C++11 features
configure:4222: g++  -c     conftest.cpp >&5
conftest.cpp: In function 'int main(int, char**)':
conftest.cpp:175:25: warning: empty parentheses were disambiguated as a function declaration [-Wvexing-parse]
  175 |   cxx11test::delegate d2();
      |                         ^~
conftest.cpp:175:25: note: remove parentheses to default-initialize a variable
  175 |   cxx11test::delegate d2();
      |                         ^~
      |                         --
conftest.cpp:175:25: note: or replace parentheses with braces to value-initialize a variable
configure:4222: $? = 0
configure:4240: result: none needed
configure:4320: checking for a BSD-compatible install
configure:4393: result: /usr/bin/install -c
configure:4412: result: compiler is g++ --version = g++ (Ubuntu 11.3.0-1ubuntu1~22.04) 11.3.0
configure:4414: checking that C++ compiler can compile simple program
configure:4426: g++ -o conftest       conftest.cpp  >&5
configure:4426: $? = 0
configure:4426: ./conftest
configure:4426: $? = 0
configure:4428: result: yes
configure:4441: checking for perl
configure:4464: found /usr/bin/perl
configure:4476: result: /usr/bin/perl
configure:4490: checking for flex
configure:4513: found /usr/bin/flex
configure:4525: result: /usr/bin/flex
configure:4537: result: /usr/bin/flex --version = flex 2.6.4
configure:4542: checking for bison
configure:4565: found /usr/bin/bison
configure:4577: result: /usr/bin/bison
configure:4589: result: /usr/bin/bison --version = bison (GNU Bison) 3.8.2
configure:4594: checking for ccache
configure:4629: result: no
configure:4647: checking for stdio.h
configure:4647: g++ -c     conftest.cpp >&5
configure:4647: $? = 0
configure:4647: result: yes
configure:4647: checking for stdlib.h
configure:4647: g++ -c     conftest.cpp >&5
configure:4647: $? = 0
configure:4647: result: yes
configure:4647: checking for string.h
configure:4647: g++ -c     conftest.cpp >&5
configure:4647: $? = 0
configure:4647: result: yes
configure:4647: checking for inttypes.h
configure:4647: g++ -c     conftest.cpp >&5
configure:4647: $? = 0
configure:4647: result: yes
configure:4647: checking for stdint.h
configure:4647: g++ -c     conftest.cpp >&5
configure:4647: $? = 0
configure:4647: result: yes
configure:4647: checking for strings.h
configure:4647: g++ -c     conftest.cpp >&5
configure:4647: $? = 0
configure:4647: result: yes
configure:4647: checking for sys/stat.h
configure:4647: g++ -c     conftest.cpp >&5
configure:4647: $? = 0
configure:4647: result: yes
configure:4647: checking for sys/types.h
configure:4647: g++ -c     conftest.cpp >&5
configure:4647: $? = 0
configure:4647: result: yes
configure:4647: checking for unistd.h
configure:4647: g++ -c     conftest.cpp >&5
configure:4647: $? = 0
configure:4647: result: yes
configure:4672: checking for size_t
configure:4672: g++ -c     conftest.cpp >&5
configure:4672: $? = 0
configure:4672: g++ -c     conftest.cpp >&5
conftest.cpp: In function 'int main()':
conftest.cpp:50:20: error: expected primary-expression before ')' token
   50 | if (sizeof ((size_t)))
      |                    ^
configure:4672: $? = 1
configure: failed program was:
| /* confdefs.h */
| #define PACKAGE_NAME "Verilator"
| #define PACKAGE_TARNAME "verilator"
| #define PACKAGE_VERSION "4.106 2020-12-02"
| #define PACKAGE_STRING "Verilator 4.106 2020-12-02"
| #define PACKAGE_BUGREPORT "https://verilator.org"
| #define PACKAGE_URL "https://verilator.org"
| #define HAVE_STDIO_H 1
| #define HAVE_STDLIB_H 1
| #define HAVE_STRING_H 1
| #define HAVE_INTTYPES_H 1
| #define HAVE_STDINT_H 1
| #define HAVE_STRINGS_H 1
| #define HAVE_SYS_STAT_H 1
| #define HAVE_SYS_TYPES_H 1
| #define HAVE_UNISTD_H 1
| #define STDC_HEADERS 1
| /* end confdefs.h.  */
| #include <stddef.h>
| #ifdef HAVE_STDIO_H
| # include <stdio.h>
| #endif
| #ifdef HAVE_STDLIB_H
| # include <stdlib.h>
| #endif
| #ifdef HAVE_STRING_H
| # include <string.h>
| #endif
| #ifdef HAVE_INTTYPES_H
| # include <inttypes.h>
| #endif
| #ifdef HAVE_STDINT_H
| # include <stdint.h>
| #endif
| #ifdef HAVE_STRINGS_H
| # include <strings.h>
| #endif
| #ifdef HAVE_SYS_TYPES_H
| # include <sys/types.h>
| #endif
| #ifdef HAVE_SYS_STAT_H
| # include <sys/stat.h>
| #endif
| #ifdef HAVE_UNISTD_H
| # include <unistd.h>
| #endif
| int
| main (void)
| {
| if (sizeof ((size_t)))
| 	    return 0;
|   ;
|   return 0;
| }
configure:4672: result: yes
configure:4682: checking for size_t
configure:4682: result: yes
configure:4694: checking for inline
configure:4711: g++ -c     conftest.cpp >&5
configure:4711: $? = 0
configure:4720: result: inline
configure:4750: g++ -o conftest       conftest.cpp  >&5
configure:4750: $? = 0
configure:4786: checking whether g++ accepts -std=gnu++14
configure:4799: g++ -o conftest   -std=gnu++14 -Werror     conftest.cpp  >&5
configure:4799: $? = 0
configure:4827: g++ -c   -std=gnu++14 -Werror   conftest.cpp >&5
conftest.cpp:19:1: error: 'an_error' does not name a type
   19 | an_error "intentional-error-for-test.h"
      | ^~~~~~~~
configure:4827: $? = 1
configure: failed program was:
| /* confdefs.h */
| #define PACKAGE_NAME "Verilator"
| #define PACKAGE_TARNAME "verilator"
| #define PACKAGE_VERSION "4.106 2020-12-02"
| #define PACKAGE_STRING "Verilator 4.106 2020-12-02"
| #define PACKAGE_BUGREPORT "https://verilator.org"
| #define PACKAGE_URL "https://verilator.org"
| #define HAVE_STDIO_H 1
| #define HAVE_STDLIB_H 1
| #define HAVE_STRING_H 1
| #define HAVE_INTTYPES_H 1
| #define HAVE_STDINT_H 1
| #define HAVE_STRINGS_H 1
| #define HAVE_SYS_STAT_H 1
| #define HAVE_SYS_TYPES_H 1
| #define HAVE_UNISTD_H 1
| #define STDC_HEADERS 1
| /* end confdefs.h.  */
| an_error "intentional-error-for-test.h"
| 
| int
| main (void)
| {
| 
|   ;
|   return 0;
| }
configure:4839: result: yes
configure:5216: checking whether g++ accepts -std=c++03
configure:5229: g++ -o conftest   -std=c++03 -Werror     conftest.cpp  >&5
configure:5229: $? = 0
configure:5257: g++ -c   -std=c++03 -Werror   conftest.cpp >&5
conftest.cpp:19:1: error: 'an_error' does not name a type
   19 | an_error "intentional-error-for-test.h"
      | ^~~~~~~~
configure:5257: $? = 1
configure: failed program was:
| /* confdefs.h */
| #define PACKAGE_NAME "Verilator"
| #define PACKAGE_TARNAME "verilator"
| #define PACKAGE_VERSION "4.106 2020-12-02"
| #define PACKAGE_STRING "Verilator 4.106 2020-12-02"
| #define PACKAGE_BUGREPORT "https://verilator.org"
| #define PACKAGE_URL "https://verilator.org"
| #define HAVE_STDIO_H 1
| #define HAVE_STDLIB_H 1
| #define HAVE_STRING_H 1
| #define HAVE_INTTYPES_H 1
| #define HAVE_STDINT_H 1
| #define HAVE_STRINGS_H 1
| #define HAVE_SYS_STAT_H 1
| #define HAVE_SYS_TYPES_H 1
| #define HAVE_UNISTD_H 1
| #define STDC_HEADERS 1
| /* end confdefs.h.  */
| an_error "intentional-error-for-test.h"
| 
| int
| main (void)
| {
| 
|   ;
|   return 0;
| }
configure:5269: result: yes
configure:5647: checking whether g++ accepts -Wextra
configure:5660: g++ -o conftest   -Wextra -Werror     conftest.cpp  >&5
configure:5660: $? = 0
configure:5688: g++ -c   -Wextra -Werror   conftest.cpp >&5
conftest.cpp:19:1: error: 'an_error' does not name a type
   19 | an_error "intentional-error-for-test.h"
      | ^~~~~~~~
configure:5688: $? = 1
configure: failed program was:
| /* confdefs.h */
| #define PACKAGE_NAME "Verilator"
| #define PACKAGE_TARNAME "verilator"
| #define PACKAGE_VERSION "4.106 2020-12-02"
| #define PACKAGE_STRING "Verilator 4.106 2020-12-02"
| #define PACKAGE_BUGREPORT "https://verilator.org"
| #define PACKAGE_URL "https://verilator.org"
| #define HAVE_STDIO_H 1
| #define HAVE_STDLIB_H 1
| #define HAVE_STRING_H 1
| #define HAVE_INTTYPES_H 1
| #define HAVE_STDINT_H 1
| #define HAVE_STRINGS_H 1
| #define HAVE_SYS_STAT_H 1
| #define HAVE_SYS_TYPES_H 1
| #define HAVE_UNISTD_H 1
| #define STDC_HEADERS 1
| /* end confdefs.h.  */
| an_error "intentional-error-for-test.h"
| 
| int
| main (void)
| {
| 
|   ;
|   return 0;
| }
configure:5700: result: yes
configure:5716: checking whether g++ accepts -Wfloat-conversion
configure:5729: g++ -o conftest   -Wfloat-conversion -Werror     conftest.cpp  >&5
configure:5729: $? = 0
configure:5757: g++ -c   -Wfloat-conversion -Werror   conftest.cpp >&5
conftest.cpp:19:1: error: 'an_error' does not name a type
   19 | an_error "intentional-error-for-test.h"
      | ^~~~~~~~
configure:5757: $? = 1
configure: failed program was:
| /* confdefs.h */
| #define PACKAGE_NAME "Verilator"
| #define PACKAGE_TARNAME "verilator"
| #define PACKAGE_VERSION "4.106 2020-12-02"
| #define PACKAGE_STRING "Verilator 4.106 2020-12-02"
| #define PACKAGE_BUGREPORT "https://verilator.org"
| #define PACKAGE_URL "https://verilator.org"
| #define HAVE_STDIO_H 1
| #define HAVE_STDLIB_H 1
| #define HAVE_STRING_H 1
| #define HAVE_INTTYPES_H 1
| #define HAVE_STDINT_H 1
| #define HAVE_STRINGS_H 1
| #define HAVE_SYS_STAT_H 1
| #define HAVE_SYS_TYPES_H 1
| #define HAVE_UNISTD_H 1
| #define STDC_HEADERS 1
| /* end confdefs.h.  */
| an_error "intentional-error-for-test.h"
| 
| int
| main (void)
| {
| 
|   ;
|   return 0;
| }
configure:5769: result: yes
configure:5785: checking whether g++ accepts -Wlogical-op
configure:5798: g++ -o conftest   -Wlogical-op -Werror     conftest.cpp  >&5
configure:5798: $? = 0
configure:5826: g++ -c   -Wlogical-op -Werror   conftest.cpp >&5
conftest.cpp:19:1: error: 'an_error' does not name a type
   19 | an_error "intentional-error-for-test.h"
      | ^~~~~~~~
configure:5826: $? = 1
configure: failed program was:
| /* confdefs.h */
| #define PACKAGE_NAME "Verilator"
| #define PACKAGE_TARNAME "verilator"
| #define PACKAGE_VERSION "4.106 2020-12-02"
| #define PACKAGE_STRING "Verilator 4.106 2020-12-02"
| #define PACKAGE_BUGREPORT "https://verilator.org"
| #define PACKAGE_URL "https://verilator.org"
| #define HAVE_STDIO_H 1
| #define HAVE_STDLIB_H 1
| #define HAVE_STRING_H 1
| #define HAVE_INTTYPES_H 1
| #define HAVE_STDINT_H 1
| #define HAVE_STRINGS_H 1
| #define HAVE_SYS_STAT_H 1
| #define HAVE_SYS_TYPES_H 1
| #define HAVE_UNISTD_H 1
| #define STDC_HEADERS 1
| /* end confdefs.h.  */
| an_error "intentional-error-for-test.h"
| 
| int
| main (void)
| {
| 
|   ;
|   return 0;
| }
configure:5838: result: yes
configure:5854: checking whether g++ accepts -Wthread-safety
configure:5867: g++ -o conftest   -Wthread-safety -Werror     conftest.cpp  >&5
g++: error: unrecognized command-line option '-Wthread-safety'
configure:5867: $? = 1
configure: failed program was:
| /* confdefs.h */
| #define PACKAGE_NAME "Verilator"
| #define PACKAGE_TARNAME "verilator"
| #define PACKAGE_VERSION "4.106 2020-12-02"
| #define PACKAGE_STRING "Verilator 4.106 2020-12-02"
| #define PACKAGE_BUGREPORT "https://verilator.org"
| #define PACKAGE_URL "https://verilator.org"
| #define HAVE_STDIO_H 1
| #define HAVE_STDLIB_H 1
| #define HAVE_STRING_H 1
| #define HAVE_INTTYPES_H 1
| #define HAVE_STDINT_H 1
| #define HAVE_STRINGS_H 1
| #define HAVE_SYS_STAT_H 1
| #define HAVE_SYS_TYPES_H 1
| #define HAVE_UNISTD_H 1
| #define STDC_HEADERS 1
| /* end confdefs.h.  */
| #include <new>
| int
| main (void)
| {
| int* a=new int; delete a;
|   ;
|   return 0;
| }
configure:5895: g++ -c   -Wthread-safety -Werror   conftest.cpp >&5
g++: error: unrecognized command-line option '-Wthread-safety'
configure:5895: $? = 1
configure: failed program was:
| /* confdefs.h */
| #define PACKAGE_NAME "Verilator"
| #define PACKAGE_TARNAME "verilator"
| #define PACKAGE_VERSION "4.106 2020-12-02"
| #define PACKAGE_STRING "Verilator 4.106 2020-12-02"
| #define PACKAGE_BUGREPORT "https://verilator.org"
| #define PACKAGE_URL "https://verilator.org"
| #define HAVE_STDIO_H 1
| #define HAVE_STDLIB_H 1
| #define HAVE_STRING_H 1
| #define HAVE_INTTYPES_H 1
| #define HAVE_STDINT_H 1
| #define HAVE_STRINGS_H 1
| #define HAVE_SYS_STAT_H 1
| #define HAVE_SYS_TYPES_H 1
| #define HAVE_UNISTD_H 1
| #define STDC_HEADERS 1
| /* end confdefs.h.  */
| an_error "intentional-error-for-test.h"
| 
| int
| main (void)
| {
| 
|   ;
|   return 0;
| }
configure:5907: result: no
configure:5926: checking whether g++ accepts -Qunused-arguments
configure:5939: g++ -o conftest   -Qunused-arguments -Werror     conftest.cpp  >&5
g++: error: unrecognized command-line option '-Qunused-arguments'
configure:5939: $? = 1
configure: failed program was:
| /* confdefs.h */
| #define PACKAGE_NAME "Verilator"
| #define PACKAGE_TARNAME "verilator"
| #define PACKAGE_VERSION "4.106 2020-12-02"
| #define PACKAGE_STRING "Verilator 4.106 2020-12-02"
| #define PACKAGE_BUGREPORT "https://verilator.org"
| #define PACKAGE_URL "https://verilator.org"
| #define HAVE_STDIO_H 1
| #define HAVE_STDLIB_H 1
| #define HAVE_STRING_H 1
| #define HAVE_INTTYPES_H 1
| #define HAVE_STDINT_H 1
| #define HAVE_STRINGS_H 1
| #define HAVE_SYS_STAT_H 1
| #define HAVE_SYS_TYPES_H 1
| #define HAVE_UNISTD_H 1
| #define STDC_HEADERS 1
| /* end confdefs.h.  */
| #include <new>
| int
| main (void)
| {
| int* a=new int; delete a;
|   ;
|   return 0;
| }
configure:5967: g++ -c   -Qunused-arguments -Werror   conftest.cpp >&5
g++: error: unrecognized command-line option '-Qunused-arguments'
configure:5967: $? = 1
configure: failed program was:
| /* confdefs.h */
| #define PACKAGE_NAME "Verilator"
| #define PACKAGE_TARNAME "verilator"
| #define PACKAGE_VERSION "4.106 2020-12-02"
| #define PACKAGE_STRING "Verilator 4.106 2020-12-02"
| #define PACKAGE_BUGREPORT "https://verilator.org"
| #define PACKAGE_URL "https://verilator.org"
| #define HAVE_STDIO_H 1
| #define HAVE_STDLIB_H 1
| #define HAVE_STRING_H 1
| #define HAVE_INTTYPES_H 1
| #define HAVE_STDINT_H 1
| #define HAVE_STRINGS_H 1
| #define HAVE_SYS_STAT_H 1
| #define HAVE_SYS_TYPES_H 1
| #define HAVE_UNISTD_H 1
| #define STDC_HEADERS 1
| /* end confdefs.h.  */
| an_error "intentional-error-for-test.h"
| 
| int
| main (void)
| {
| 
|   ;
|   return 0;
| }
configure:5979: result: no
configure:5995: checking whether g++ accepts -faligned-new
configure:6008: g++ -o conftest   -faligned-new -Werror     conftest.cpp  >&5
configure:6008: $? = 0
configure:6036: g++ -c   -faligned-new -Werror   conftest.cpp >&5
conftest.cpp:19:1: error: 'an_error' does not name a type
   19 | an_error "intentional-error-for-test.h"
      | ^~~~~~~~
configure:6036: $? = 1
configure: failed program was:
| /* confdefs.h */
| #define PACKAGE_NAME "Verilator"
| #define PACKAGE_TARNAME "verilator"
| #define PACKAGE_VERSION "4.106 2020-12-02"
| #define PACKAGE_STRING "Verilator 4.106 2020-12-02"
| #define PACKAGE_BUGREPORT "https://verilator.org"
| #define PACKAGE_URL "https://verilator.org"
| #define HAVE_STDIO_H 1
| #define HAVE_STDLIB_H 1
| #define HAVE_STRING_H 1
| #define HAVE_INTTYPES_H 1
| #define HAVE_STDINT_H 1
| #define HAVE_STRINGS_H 1
| #define HAVE_SYS_STAT_H 1
| #define HAVE_SYS_TYPES_H 1
| #define HAVE_UNISTD_H 1
| #define STDC_HEADERS 1
| /* end confdefs.h.  */
| an_error "intentional-error-for-test.h"
| 
| int
| main (void)
| {
| 
|   ;
|   return 0;
| }
configure:6048: result: yes
configure:6064: checking whether g++ accepts -Wno-unused-parameter
configure:6077: g++ -o conftest   -Wno-unused-parameter -Werror     conftest.cpp  >&5
configure:6077: $? = 0
configure:6105: g++ -c   -Wno-unused-parameter -Werror   conftest.cpp >&5
conftest.cpp:19:1: error: 'an_error' does not name a type
   19 | an_error "intentional-error-for-test.h"
      | ^~~~~~~~
configure:6105: $? = 1
configure: failed program was:
| /* confdefs.h */
| #define PACKAGE_NAME "Verilator"
| #define PACKAGE_TARNAME "verilator"
| #define PACKAGE_VERSION "4.106 2020-12-02"
| #define PACKAGE_STRING "Verilator 4.106 2020-12-02"
| #define PACKAGE_BUGREPORT "https://verilator.org"
| #define PACKAGE_URL "https://verilator.org"
| #define HAVE_STDIO_H 1
| #define HAVE_STDLIB_H 1
| #define HAVE_STRING_H 1
| #define HAVE_INTTYPES_H 1
| #define HAVE_STDINT_H 1
| #define HAVE_STRINGS_H 1
| #define HAVE_SYS_STAT_H 1
| #define HAVE_SYS_TYPES_H 1
| #define HAVE_UNISTD_H 1
| #define STDC_HEADERS 1
| /* end confdefs.h.  */
| an_error "intentional-error-for-test.h"
| 
| int
| main (void)
| {
| 
|   ;
|   return 0;
| }
configure:6117: result: yes
configure:6133: checking whether g++ accepts -Wno-shadow
configure:6146: g++ -o conftest   -Wno-shadow -Werror     conftest.cpp  >&5
configure:6146: $? = 0
configure:6174: g++ -c   -Wno-shadow -Werror   conftest.cpp >&5
conftest.cpp:19:1: error: 'an_error' does not name a type
   19 | an_error "intentional-error-for-test.h"
      | ^~~~~~~~
configure:6174: $? = 1
configure: failed program was:
| /* confdefs.h */
| #define PACKAGE_NAME "Verilator"
| #define PACKAGE_TARNAME "verilator"
| #define PACKAGE_VERSION "4.106 2020-12-02"
| #define PACKAGE_STRING "Verilator 4.106 2020-12-02"
| #define PACKAGE_BUGREPORT "https://verilator.org"
| #define PACKAGE_URL "https://verilator.org"
| #define HAVE_STDIO_H 1
| #define HAVE_STDLIB_H 1
| #define HAVE_STRING_H 1
| #define HAVE_INTTYPES_H 1
| #define HAVE_STDINT_H 1
| #define HAVE_STRINGS_H 1
| #define HAVE_SYS_STAT_H 1
| #define HAVE_SYS_TYPES_H 1
| #define HAVE_UNISTD_H 1
| #define STDC_HEADERS 1
| /* end confdefs.h.  */
| an_error "intentional-error-for-test.h"
| 
| int
| main (void)
| {
| 
|   ;
|   return 0;
| }
configure:6186: result: yes
configure:6205: checking whether g++ accepts -Wno-char-subscripts
configure:6218: g++ -o conftest   -Wno-char-subscripts -Werror     conftest.cpp  >&5
configure:6218: $? = 0
configure:6246: g++ -c   -Wno-char-subscripts -Werror   conftest.cpp >&5
conftest.cpp:19:1: error: 'an_error' does not name a type
   19 | an_error "intentional-error-for-test.h"
      | ^~~~~~~~
configure:6246: $? = 1
configure: failed program was:
| /* confdefs.h */
| #define PACKAGE_NAME "Verilator"
| #define PACKAGE_TARNAME "verilator"
| #define PACKAGE_VERSION "4.106 2020-12-02"
| #define PACKAGE_STRING "Verilator 4.106 2020-12-02"
| #define PACKAGE_BUGREPORT "https://verilator.org"
| #define PACKAGE_URL "https://verilator.org"
| #define HAVE_STDIO_H 1
| #define HAVE_STDLIB_H 1
| #define HAVE_STRING_H 1
| #define HAVE_INTTYPES_H 1
| #define HAVE_STDINT_H 1
| #define HAVE_STRINGS_H 1
| #define HAVE_SYS_STAT_H 1
| #define HAVE_SYS_TYPES_H 1
| #define HAVE_UNISTD_H 1
| #define STDC_HEADERS 1
| /* end confdefs.h.  */
| an_error "intentional-error-for-test.h"
| 
| int
| main (void)
| {
| 
|   ;
|   return 0;
| }
configure:6258: result: yes
configure:6274: checking whether g++ accepts -Wno-null-conversion
configure:6287: g++ -o conftest   -Wno-null-conversion -Werror     conftest.cpp  >&5
configure:6287: $? = 0
configure:6315: g++ -c   -Wno-null-conversion -Werror   conftest.cpp >&5
conftest.cpp:19:1: error: 'an_error' does not name a type
   19 | an_error "intentional-error-for-test.h"
      | ^~~~~~~~
cc1plus: note: unrecognized command-line option '-Wno-null-conversion' may have been intended to silence earlier diagnostics
configure:6315: $? = 1
configure: failed program was:
| /* confdefs.h */
| #define PACKAGE_NAME "Verilator"
| #define PACKAGE_TARNAME "verilator"
| #define PACKAGE_VERSION "4.106 2020-12-02"
| #define PACKAGE_STRING "Verilator 4.106 2020-12-02"
| #define PACKAGE_BUGREPORT "https://verilator.org"
| #define PACKAGE_URL "https://verilator.org"
| #define HAVE_STDIO_H 1
| #define HAVE_STDLIB_H 1
| #define HAVE_STRING_H 1
| #define HAVE_INTTYPES_H 1
| #define HAVE_STDINT_H 1
| #define HAVE_STRINGS_H 1
| #define HAVE_SYS_STAT_H 1
| #define HAVE_SYS_TYPES_H 1
| #define HAVE_UNISTD_H 1
| #define STDC_HEADERS 1
| /* end confdefs.h.  */
| an_error "intentional-error-for-test.h"
| 
| int
| main (void)
| {
| 
|   ;
|   return 0;
| }
configure:6327: result: no
configure:6343: checking whether g++ accepts -Wno-parentheses-equality
configure:6356: g++ -o conftest   -Wno-parentheses-equality -Werror     conftest.cpp  >&5
configure:6356: $? = 0
configure:6384: g++ -c   -Wno-parentheses-equality -Werror   conftest.cpp >&5
conftest.cpp:19:1: error: 'an_error' does not name a type
   19 | an_error "intentional-error-for-test.h"
      | ^~~~~~~~
cc1plus: note: unrecognized command-line option '-Wno-parentheses-equality' may have been intended to silence earlier diagnostics
configure:6384: $? = 1
configure: failed program was:
| /* confdefs.h */
| #define PACKAGE_NAME "Verilator"
| #define PACKAGE_TARNAME "verilator"
| #define PACKAGE_VERSION "4.106 2020-12-02"
| #define PACKAGE_STRING "Verilator 4.106 2020-12-02"
| #define PACKAGE_BUGREPORT "https://verilator.org"
| #define PACKAGE_URL "https://verilator.org"
| #define HAVE_STDIO_H 1
| #define HAVE_STDLIB_H 1
| #define HAVE_STRING_H 1
| #define HAVE_INTTYPES_H 1
| #define HAVE_STDINT_H 1
| #define HAVE_STRINGS_H 1
| #define HAVE_SYS_STAT_H 1
| #define HAVE_SYS_TYPES_H 1
| #define HAVE_UNISTD_H 1
| #define STDC_HEADERS 1
| /* end confdefs.h.  */
| an_error "intentional-error-for-test.h"
| 
| int
| main (void)
| {
| 
|   ;
|   return 0;
| }
configure:6396: result: no
configure:6412: checking whether g++ accepts -Wno-unused
configure:6425: g++ -o conftest   -Wno-unused -Werror     conftest.cpp  >&5
configure:6425: $? = 0
configure:6453: g++ -c   -Wno-unused -Werror   conftest.cpp >&5
conftest.cpp:19:1: error: 'an_error' does not name a type
   19 | an_error "intentional-error-for-test.h"
      | ^~~~~~~~
configure:6453: $? = 1
configure: failed program was:
| /* confdefs.h */
| #define PACKAGE_NAME "Verilator"
| #define PACKAGE_TARNAME "verilator"
| #define PACKAGE_VERSION "4.106 2020-12-02"
| #define PACKAGE_STRING "Verilator 4.106 2020-12-02"
| #define PACKAGE_BUGREPORT "https://verilator.org"
| #define PACKAGE_URL "https://verilator.org"
| #define HAVE_STDIO_H 1
| #define HAVE_STDLIB_H 1
| #define HAVE_STRING_H 1
| #define HAVE_INTTYPES_H 1
| #define HAVE_STDINT_H 1
| #define HAVE_STRINGS_H 1
| #define HAVE_SYS_STAT_H 1
| #define HAVE_SYS_TYPES_H 1
| #define HAVE_UNISTD_H 1
| #define STDC_HEADERS 1
| /* end confdefs.h.  */
| an_error "intentional-error-for-test.h"
| 
| int
| main (void)
| {
| 
|   ;
|   return 0;
| }
configure:6465: result: yes
configure:6493: checking whether g++ accepts -faligned-new
configure:6506: g++ -o conftest   -faligned-new -Werror     conftest.cpp  >&5
configure:6506: $? = 0
configure:6534: g++ -c   -faligned-new -Werror   conftest.cpp >&5
conftest.cpp:19:1: error: 'an_error' does not name a type
   19 | an_error "intentional-error-for-test.h"
      | ^~~~~~~~
configure:6534: $? = 1
configure: failed program was:
| /* confdefs.h */
| #define PACKAGE_NAME "Verilator"
| #define PACKAGE_TARNAME "verilator"
| #define PACKAGE_VERSION "4.106 2020-12-02"
| #define PACKAGE_STRING "Verilator 4.106 2020-12-02"
| #define PACKAGE_BUGREPORT "https://verilator.org"
| #define PACKAGE_URL "https://verilator.org"
| #define HAVE_STDIO_H 1
| #define HAVE_STDLIB_H 1
| #define HAVE_STRING_H 1
| #define HAVE_INTTYPES_H 1
| #define HAVE_STDINT_H 1
| #define HAVE_STRINGS_H 1
| #define HAVE_SYS_STAT_H 1
| #define HAVE_SYS_TYPES_H 1
| #define HAVE_UNISTD_H 1
| #define STDC_HEADERS 1
| /* end confdefs.h.  */
| an_error "intentional-error-for-test.h"
| 
| int
| main (void)
| {
| 
|   ;
|   return 0;
| }
configure:6546: result: yes
configure:6565: checking whether g++ accepts -fbracket-depth=4096
configure:6578: g++ -o conftest   -fbracket-depth=4096 -Werror     conftest.cpp  >&5
g++: error: unrecognized command-line option '-fbracket-depth=4096'
configure:6578: $? = 1
configure: failed program was:
| /* confdefs.h */
| #define PACKAGE_NAME "Verilator"
| #define PACKAGE_TARNAME "verilator"
| #define PACKAGE_VERSION "4.106 2020-12-02"
| #define PACKAGE_STRING "Verilator 4.106 2020-12-02"
| #define PACKAGE_BUGREPORT "https://verilator.org"
| #define PACKAGE_URL "https://verilator.org"
| #define HAVE_STDIO_H 1
| #define HAVE_STDLIB_H 1
| #define HAVE_STRING_H 1
| #define HAVE_INTTYPES_H 1
| #define HAVE_STDINT_H 1
| #define HAVE_STRINGS_H 1
| #define HAVE_SYS_STAT_H 1
| #define HAVE_SYS_TYPES_H 1
| #define HAVE_UNISTD_H 1
| #define STDC_HEADERS 1
| /* end confdefs.h.  */
| #include <new>
| int
| main (void)
| {
| int* a=new int; delete a;
|   ;
|   return 0;
| }
configure:6606: g++ -c   -fbracket-depth=4096 -Werror   conftest.cpp >&5
g++: error: unrecognized command-line option '-fbracket-depth=4096'
configure:6606: $? = 1
configure: failed program was:
| /* confdefs.h */
| #define PACKAGE_NAME "Verilator"
| #define PACKAGE_TARNAME "verilator"
| #define PACKAGE_VERSION "4.106 2020-12-02"
| #define PACKAGE_STRING "Verilator 4.106 2020-12-02"
| #define PACKAGE_BUGREPORT "https://verilator.org"
| #define PACKAGE_URL "https://verilator.org"
| #define HAVE_STDIO_H 1
| #define HAVE_STDLIB_H 1
| #define HAVE_STRING_H 1
| #define HAVE_INTTYPES_H 1
| #define HAVE_STDINT_H 1
| #define HAVE_STRINGS_H 1
| #define HAVE_SYS_STAT_H 1
| #define HAVE_SYS_TYPES_H 1
| #define HAVE_UNISTD_H 1
| #define STDC_HEADERS 1
| /* end confdefs.h.  */
| an_error "intentional-error-for-test.h"
| 
| int
| main (void)
| {
| 
|   ;
|   return 0;
| }
configure:6618: result: no
configure:6637: checking whether g++ accepts -fcf-protection=none
configure:6650: g++ -o conftest   -fcf-protection=none -Werror     conftest.cpp  >&5
configure:6650: $? = 0
configure:6678: g++ -c   -fcf-protection=none -Werror   conftest.cpp >&5
conftest.cpp:19:1: error: 'an_error' does not name a type
   19 | an_error "intentional-error-for-test.h"
      | ^~~~~~~~
configure:6678: $? = 1
configure: failed program was:
| /* confdefs.h */
| #define PACKAGE_NAME "Verilator"
| #define PACKAGE_TARNAME "verilator"
| #define PACKAGE_VERSION "4.106 2020-12-02"
| #define PACKAGE_STRING "Verilator 4.106 2020-12-02"
| #define PACKAGE_BUGREPORT "https://verilator.org"
| #define PACKAGE_URL "https://verilator.org"
| #define HAVE_STDIO_H 1
| #define HAVE_STDLIB_H 1
| #define HAVE_STRING_H 1
| #define HAVE_INTTYPES_H 1
| #define HAVE_STDINT_H 1
| #define HAVE_STRINGS_H 1
| #define HAVE_SYS_STAT_H 1
| #define HAVE_SYS_TYPES_H 1
| #define HAVE_UNISTD_H 1
| #define STDC_HEADERS 1
| /* end confdefs.h.  */
| an_error "intentional-error-for-test.h"
| 
| int
| main (void)
| {
| 
|   ;
|   return 0;
| }
configure:6690: result: yes
configure:6709: checking whether g++ accepts -mno-cet
configure:6722: g++ -o conftest   -mno-cet -Werror     conftest.cpp  >&5
g++: error: unrecognized command-line option '-mno-cet'; did you mean '-mno-aes'?
configure:6722: $? = 1
configure: failed program was:
| /* confdefs.h */
| #define PACKAGE_NAME "Verilator"
| #define PACKAGE_TARNAME "verilator"
| #define PACKAGE_VERSION "4.106 2020-12-02"
| #define PACKAGE_STRING "Verilator 4.106 2020-12-02"
| #define PACKAGE_BUGREPORT "https://verilator.org"
| #define PACKAGE_URL "https://verilator.org"
| #define HAVE_STDIO_H 1
| #define HAVE_STDLIB_H 1
| #define HAVE_STRING_H 1
| #define HAVE_INTTYPES_H 1
| #define HAVE_STDINT_H 1
| #define HAVE_STRINGS_H 1
| #define HAVE_SYS_STAT_H 1
| #define HAVE_SYS_TYPES_H 1
| #define HAVE_UNISTD_H 1
| #define STDC_HEADERS 1
| /* end confdefs.h.  */
| #include <new>
| int
| main (void)
| {
| int* a=new int; delete a;
|   ;
|   return 0;
| }
configure:6750: g++ -c   -mno-cet -Werror   conftest.cpp >&5
g++: error: unrecognized command-line option '-mno-cet'; did you mean '-mno-aes'?
configure:6750: $? = 1
configure: failed program was:
| /* confdefs.h */
| #define PACKAGE_NAME "Verilator"
| #define PACKAGE_TARNAME "verilator"
| #define PACKAGE_VERSION "4.106 2020-12-02"
| #define PACKAGE_STRING "Verilator 4.106 2020-12-02"
| #define PACKAGE_BUGREPORT "https://verilator.org"
| #define PACKAGE_URL "https://verilator.org"
| #define HAVE_STDIO_H 1
| #define HAVE_STDLIB_H 1
| #define HAVE_STRING_H 1
| #define HAVE_INTTYPES_H 1
| #define HAVE_STDINT_H 1
| #define HAVE_STRINGS_H 1
| #define HAVE_SYS_STAT_H 1
| #define HAVE_SYS_TYPES_H 1
| #define HAVE_UNISTD_H 1
| #define STDC_HEADERS 1
| /* end confdefs.h.  */
| an_error "intentional-error-for-test.h"
| 
| int
| main (void)
| {
| 
|   ;
|   return 0;
| }
configure:6762: result: no
configure:6781: checking whether g++ accepts -Qunused-arguments
configure:6794: g++ -o conftest   -Qunused-arguments -Werror     conftest.cpp  >&5
g++: error: unrecognized command-line option '-Qunused-arguments'
configure:6794: $? = 1
configure: failed program was:
| /* confdefs.h */
| #define PACKAGE_NAME "Verilator"
| #define PACKAGE_TARNAME "verilator"
| #define PACKAGE_VERSION "4.106 2020-12-02"
| #define PACKAGE_STRING "Verilator 4.106 2020-12-02"
| #define PACKAGE_BUGREPORT "https://verilator.org"
| #define PACKAGE_URL "https://verilator.org"
| #define HAVE_STDIO_H 1
| #define HAVE_STDLIB_H 1
| #define HAVE_STRING_H 1
| #define HAVE_INTTYPES_H 1
| #define HAVE_STDINT_H 1
| #define HAVE_STRINGS_H 1
| #define HAVE_SYS_STAT_H 1
| #define HAVE_SYS_TYPES_H 1
| #define HAVE_UNISTD_H 1
| #define STDC_HEADERS 1
| /* end confdefs.h.  */
| #include <new>
| int
| main (void)
| {
| int* a=new int; delete a;
|   ;
|   return 0;
| }
configure:6822: g++ -c   -Qunused-arguments -Werror   conftest.cpp >&5
g++: error: unrecognized command-line option '-Qunused-arguments'
configure:6822: $? = 1
configure: failed program was:
| /* confdefs.h */
| #define PACKAGE_NAME "Verilator"
| #define PACKAGE_TARNAME "verilator"
| #define PACKAGE_VERSION "4.106 2020-12-02"
| #define PACKAGE_STRING "Verilator 4.106 2020-12-02"
| #define PACKAGE_BUGREPORT "https://verilator.org"
| #define PACKAGE_URL "https://verilator.org"
| #define HAVE_STDIO_H 1
| #define HAVE_STDLIB_H 1
| #define HAVE_STRING_H 1
| #define HAVE_INTTYPES_H 1
| #define HAVE_STDINT_H 1
| #define HAVE_STRINGS_H 1
| #define HAVE_SYS_STAT_H 1
| #define HAVE_SYS_TYPES_H 1
| #define HAVE_UNISTD_H 1
| #define STDC_HEADERS 1
| /* end confdefs.h.  */
| an_error "intentional-error-for-test.h"
| 
| int
| main (void)
| {
| 
|   ;
|   return 0;
| }
configure:6834: result: no
configure:6853: checking whether g++ accepts -Wno-bool-operation
configure:6866: g++ -o conftest   -Wno-bool-operation -Werror     conftest.cpp  >&5
configure:6866: $? = 0
configure:6894: g++ -c   -Wno-bool-operation -Werror   conftest.cpp >&5
conftest.cpp:19:1: error: 'an_error' does not name a type
   19 | an_error "intentional-error-for-test.h"
      | ^~~~~~~~
configure:6894: $? = 1
configure: failed program was:
| /* confdefs.h */
| #define PACKAGE_NAME "Verilator"
| #define PACKAGE_TARNAME "verilator"
| #define PACKAGE_VERSION "4.106 2020-12-02"
| #define PACKAGE_STRING "Verilator 4.106 2020-12-02"
| #define PACKAGE_BUGREPORT "https://verilator.org"
| #define PACKAGE_URL "https://verilator.org"
| #define HAVE_STDIO_H 1
| #define HAVE_STDLIB_H 1
| #define HAVE_STRING_H 1
| #define HAVE_INTTYPES_H 1
| #define HAVE_STDINT_H 1
| #define HAVE_STRINGS_H 1
| #define HAVE_SYS_STAT_H 1
| #define HAVE_SYS_TYPES_H 1
| #define HAVE_UNISTD_H 1
| #define STDC_HEADERS 1
| /* end confdefs.h.  */
| an_error "intentional-error-for-test.h"
| 
| int
| main (void)
| {
| 
|   ;
|   return 0;
| }
configure:6906: result: yes
configure:6925: checking whether g++ accepts -Wno-tautological-bitwise-compare
configure:6938: g++ -o conftest   -Wno-tautological-bitwise-compare -Werror     conftest.cpp  >&5
configure:6938: $? = 0
configure:6966: g++ -c   -Wno-tautological-bitwise-compare -Werror   conftest.cpp >&5
conftest.cpp:19:1: error: 'an_error' does not name a type
   19 | an_error "intentional-error-for-test.h"
      | ^~~~~~~~
cc1plus: note: unrecognized command-line option '-Wno-tautological-bitwise-compare' may have been intended to silence earlier diagnostics
configure:6966: $? = 1
configure: failed program was:
| /* confdefs.h */
| #define PACKAGE_NAME "Verilator"
| #define PACKAGE_TARNAME "verilator"
| #define PACKAGE_VERSION "4.106 2020-12-02"
| #define PACKAGE_STRING "Verilator 4.106 2020-12-02"
| #define PACKAGE_BUGREPORT "https://verilator.org"
| #define PACKAGE_URL "https://verilator.org"
| #define HAVE_STDIO_H 1
| #define HAVE_STDLIB_H 1
| #define HAVE_STRING_H 1
| #define HAVE_INTTYPES_H 1
| #define HAVE_STDINT_H 1
| #define HAVE_STRINGS_H 1
| #define HAVE_SYS_STAT_H 1
| #define HAVE_SYS_TYPES_H 1
| #define HAVE_UNISTD_H 1
| #define STDC_HEADERS 1
| /* end confdefs.h.  */
| an_error "intentional-error-for-test.h"
| 
| int
| main (void)
| {
| 
|   ;
|   return 0;
| }
configure:6978: result: no
configure:6997: checking whether g++ accepts -Wno-parentheses-equality
configure:7010: g++ -o conftest   -Wno-parentheses-equality -Werror     conftest.cpp  >&5
configure:7010: $? = 0
configure:7038: g++ -c   -Wno-parentheses-equality -Werror   conftest.cpp >&5
conftest.cpp:19:1: error: 'an_error' does not name a type
   19 | an_error "intentional-error-for-test.h"
      | ^~~~~~~~
cc1plus: note: unrecognized command-line option '-Wno-parentheses-equality' may have been intended to silence earlier diagnostics
configure:7038: $? = 1
configure: failed program was:
| /* confdefs.h */
| #define PACKAGE_NAME "Verilator"
| #define PACKAGE_TARNAME "verilator"
| #define PACKAGE_VERSION "4.106 2020-12-02"
| #define PACKAGE_STRING "Verilator 4.106 2020-12-02"
| #define PACKAGE_BUGREPORT "https://verilator.org"
| #define PACKAGE_URL "https://verilator.org"
| #define HAVE_STDIO_H 1
| #define HAVE_STDLIB_H 1
| #define HAVE_STRING_H 1
| #define HAVE_INTTYPES_H 1
| #define HAVE_STDINT_H 1
| #define HAVE_STRINGS_H 1
| #define HAVE_SYS_STAT_H 1
| #define HAVE_SYS_TYPES_H 1
| #define HAVE_UNISTD_H 1
| #define STDC_HEADERS 1
| /* end confdefs.h.  */
| an_error "intentional-error-for-test.h"
| 
| int
| main (void)
| {
| 
|   ;
|   return 0;
| }
configure:7050: result: no
configure:7069: checking whether g++ accepts -Wno-sign-compare
configure:7082: g++ -o conftest   -Wno-sign-compare -Werror     conftest.cpp  >&5
configure:7082: $? = 0
configure:7110: g++ -c   -Wno-sign-compare -Werror   conftest.cpp >&5
conftest.cpp:19:1: error: 'an_error' does not name a type
   19 | an_error "intentional-error-for-test.h"
      | ^~~~~~~~
configure:7110: $? = 1
configure: failed program was:
| /* confdefs.h */
| #define PACKAGE_NAME "Verilator"
| #define PACKAGE_TARNAME "verilator"
| #define PACKAGE_VERSION "4.106 2020-12-02"
| #define PACKAGE_STRING "Verilator 4.106 2020-12-02"
| #define PACKAGE_BUGREPORT "https://verilator.org"
| #define PACKAGE_URL "https://verilator.org"
| #define HAVE_STDIO_H 1
| #define HAVE_STDLIB_H 1
| #define HAVE_STRING_H 1
| #define HAVE_INTTYPES_H 1
| #define HAVE_STDINT_H 1
| #define HAVE_STRINGS_H 1
| #define HAVE_SYS_STAT_H 1
| #define HAVE_SYS_TYPES_H 1
| #define HAVE_UNISTD_H 1
| #define STDC_HEADERS 1
| /* end confdefs.h.  */
| an_error "intentional-error-for-test.h"
| 
| int
| main (void)
| {
| 
|   ;
|   return 0;
| }
configure:7122: result: yes
configure:7141: checking whether g++ accepts -Wno-uninitialized
configure:7154: g++ -o conftest   -Wno-uninitialized -Werror     conftest.cpp  >&5
configure:7154: $? = 0
configure:7182: g++ -c   -Wno-uninitialized -Werror   conftest.cpp >&5
conftest.cpp:19:1: error: 'an_error' does not name a type
   19 | an_error "intentional-error-for-test.h"
      | ^~~~~~~~
configure:7182: $? = 1
configure: failed program was:
| /* confdefs.h */
| #define PACKAGE_NAME "Verilator"
| #define PACKAGE_TARNAME "verilator"
| #define PACKAGE_VERSION "4.106 2020-12-02"
| #define PACKAGE_STRING "Verilator 4.106 2020-12-02"
| #define PACKAGE_BUGREPORT "https://verilator.org"
| #define PACKAGE_URL "https://verilator.org"
| #define HAVE_STDIO_H 1
| #define HAVE_STDLIB_H 1
| #define HAVE_STRING_H 1
| #define HAVE_INTTYPES_H 1
| #define HAVE_STDINT_H 1
| #define HAVE_STRINGS_H 1
| #define HAVE_SYS_STAT_H 1
| #define HAVE_SYS_TYPES_H 1
| #define HAVE_UNISTD_H 1
| #define STDC_HEADERS 1
| /* end confdefs.h.  */
| an_error "intentional-error-for-test.h"
| 
| int
| main (void)
| {
| 
|   ;
|   return 0;
| }
configure:7194: result: yes
configure:7213: checking whether g++ accepts -Wno-unused-but-set-variable
configure:7226: g++ -o conftest   -Wno-unused-but-set-variable -Werror     conftest.cpp  >&5
configure:7226: $? = 0
configure:7254: g++ -c   -Wno-unused-but-set-variable -Werror   conftest.cpp >&5
conftest.cpp:19:1: error: 'an_error' does not name a type
   19 | an_error "intentional-error-for-test.h"
      | ^~~~~~~~
configure:7254: $? = 1
configure: failed program was:
| /* confdefs.h */
| #define PACKAGE_NAME "Verilator"
| #define PACKAGE_TARNAME "verilator"
| #define PACKAGE_VERSION "4.106 2020-12-02"
| #define PACKAGE_STRING "Verilator 4.106 2020-12-02"
| #define PACKAGE_BUGREPORT "https://verilator.org"
| #define PACKAGE_URL "https://verilator.org"
| #define HAVE_STDIO_H 1
| #define HAVE_STDLIB_H 1
| #define HAVE_STRING_H 1
| #define HAVE_INTTYPES_H 1
| #define HAVE_STDINT_H 1
| #define HAVE_STRINGS_H 1
| #define HAVE_SYS_STAT_H 1
| #define HAVE_SYS_TYPES_H 1
| #define HAVE_UNISTD_H 1
| #define STDC_HEADERS 1
| /* end confdefs.h.  */
| an_error "intentional-error-for-test.h"
| 
| int
| main (void)
| {
| 
|   ;
|   return 0;
| }
configure:7266: result: yes
configure:7285: checking whether g++ accepts -Wno-unused-parameter
configure:7298: g++ -o conftest   -Wno-unused-parameter -Werror     conftest.cpp  >&5
configure:7298: $? = 0
configure:7326: g++ -c   -Wno-unused-parameter -Werror   conftest.cpp >&5
conftest.cpp:19:1: error: 'an_error' does not name a type
   19 | an_error "intentional-error-for-test.h"
      | ^~~~~~~~
configure:7326: $? = 1
configure: failed program was:
| /* confdefs.h */
| #define PACKAGE_NAME "Verilator"
| #define PACKAGE_TARNAME "verilator"
| #define PACKAGE_VERSION "4.106 2020-12-02"
| #define PACKAGE_STRING "Verilator 4.106 2020-12-02"
| #define PACKAGE_BUGREPORT "https://verilator.org"
| #define PACKAGE_URL "https://verilator.org"
| #define HAVE_STDIO_H 1
| #define HAVE_STDLIB_H 1
| #define HAVE_STRING_H 1
| #define HAVE_INTTYPES_H 1
| #define HAVE_STDINT_H 1
| #define HAVE_STRINGS_H 1
| #define HAVE_SYS_STAT_H 1
| #define HAVE_SYS_TYPES_H 1
| #define HAVE_UNISTD_H 1
| #define STDC_HEADERS 1
| /* end confdefs.h.  */
| an_error "intentional-error-for-test.h"
| 
| int
| main (void)
| {
| 
|   ;
|   return 0;
| }
configure:7338: result: yes
configure:7357: checking whether g++ accepts -Wno-unused-variable
configure:7370: g++ -o conftest   -Wno-unused-variable -Werror     conftest.cpp  >&5
configure:7370: $? = 0
configure:7398: g++ -c   -Wno-unused-variable -Werror   conftest.cpp >&5
conftest.cpp:19:1: error: 'an_error' does not name a type
   19 | an_error "intentional-error-for-test.h"
      | ^~~~~~~~
configure:7398: $? = 1
configure: failed program was:
| /* confdefs.h */
| #define PACKAGE_NAME "Verilator"
| #define PACKAGE_TARNAME "verilator"
| #define PACKAGE_VERSION "4.106 2020-12-02"
| #define PACKAGE_STRING "Verilator 4.106 2020-12-02"
| #define PACKAGE_BUGREPORT "https://verilator.org"
| #define PACKAGE_URL "https://verilator.org"
| #define HAVE_STDIO_H 1
| #define HAVE_STDLIB_H 1
| #define HAVE_STRING_H 1
| #define HAVE_INTTYPES_H 1
| #define HAVE_STDINT_H 1
| #define HAVE_STRINGS_H 1
| #define HAVE_SYS_STAT_H 1
| #define HAVE_SYS_TYPES_H 1
| #define HAVE_UNISTD_H 1
| #define STDC_HEADERS 1
| /* end confdefs.h.  */
| an_error "intentional-error-for-test.h"
| 
| int
| main (void)
| {
| 
|   ;
|   return 0;
| }
configure:7410: result: yes
configure:7429: checking whether g++ accepts -Wno-shadow
configure:7442: g++ -o conftest   -Wno-shadow -Werror     conftest.cpp  >&5
configure:7442: $? = 0
configure:7470: g++ -c   -Wno-shadow -Werror   conftest.cpp >&5
conftest.cpp:19:1: error: 'an_error' does not name a type
   19 | an_error "intentional-error-for-test.h"
      | ^~~~~~~~
configure:7470: $? = 1
configure: failed program was:
| /* confdefs.h */
| #define PACKAGE_NAME "Verilator"
| #define PACKAGE_TARNAME "verilator"
| #define PACKAGE_VERSION "4.106 2020-12-02"
| #define PACKAGE_STRING "Verilator 4.106 2020-12-02"
| #define PACKAGE_BUGREPORT "https://verilator.org"
| #define PACKAGE_URL "https://verilator.org"
| #define HAVE_STDIO_H 1
| #define HAVE_STDLIB_H 1
| #define HAVE_STRING_H 1
| #define HAVE_INTTYPES_H 1
| #define HAVE_STDINT_H 1
| #define HAVE_STRINGS_H 1
| #define HAVE_SYS_STAT_H 1
| #define HAVE_SYS_TYPES_H 1
| #define HAVE_UNISTD_H 1
| #define STDC_HEADERS 1
| /* end confdefs.h.  */
| an_error "intentional-error-for-test.h"
| 
| int
| main (void)
| {
| 
|   ;
|   return 0;
| }
configure:7482: result: yes
configure:7507: checking whether g++ linker accepts -mt
configure:7520: g++ -o conftest       conftest.cpp  -mt >&5
g++: error: unrecognized command-line option '-mt'; did you mean '-MT'?
configure:7520: $? = 1
configure: failed program was:
| /* confdefs.h */
| #define PACKAGE_NAME "Verilator"
| #define PACKAGE_TARNAME "verilator"
| #define PACKAGE_VERSION "4.106 2020-12-02"
| #define PACKAGE_STRING "Verilator 4.106 2020-12-02"
| #define PACKAGE_BUGREPORT "https://verilator.org"
| #define PACKAGE_URL "https://verilator.org"
| #define HAVE_STDIO_H 1
| #define HAVE_STDLIB_H 1
| #define HAVE_STRING_H 1
| #define HAVE_INTTYPES_H 1
| #define HAVE_STDINT_H 1
| #define HAVE_STRINGS_H 1
| #define HAVE_SYS_STAT_H 1
| #define HAVE_SYS_TYPES_H 1
| #define HAVE_UNISTD_H 1
| #define STDC_HEADERS 1
| /* end confdefs.h.  */
| 
| int
| main (void)
| {
| 
|   ;
|   return 0;
| }
configure:7533: result: no
configure:7558: checking whether g++ linker accepts -pthread
configure:7571: g++ -o conftest       conftest.cpp  -pthread >&5
configure:7571: $? = 0
configure:7584: result: yes
configure:7609: checking whether g++ linker accepts -lpthread
configure:7622: g++ -o conftest       conftest.cpp  -lpthread >&5
configure:7622: $? = 0
configure:7635: result: yes
configure:7660: checking whether g++ linker accepts -latomic
configure:7673: g++ -o conftest       conftest.cpp  -latomic >&5
configure:7673: $? = 0
configure:7686: result: yes
configure:7716: checking whether g++ linker accepts -static-libgcc
configure:7729: g++ -o conftest       conftest.cpp  -static-libgcc >&5
configure:7729: $? = 0
configure:7742: result: yes
configure:7764: checking whether g++ linker accepts -static-libstdc++
configure:7777: g++ -o conftest       conftest.cpp  -static-libstdc++ >&5
configure:7777: $? = 0
configure:7790: result: yes
configure:7812: checking whether g++ linker accepts -Xlinker -gc-sections
configure:7825: g++ -o conftest       conftest.cpp  -Xlinker -gc-sections >&5
configure:7825: $? = 0
configure:7838: result: yes
configure:7870: checking whether g++ linker accepts -lpthread
configure:7883: g++ -o conftest       conftest.cpp  -lpthread >&5
configure:7883: $? = 0
configure:7896: result: yes
configure:7920: checking whether g++ linker accepts -lbcrypt
configure:7933: g++ -o conftest       conftest.cpp  -lbcrypt >&5
/usr/bin/ld: cannot find -lbcrypt: No such file or directory
collect2: error: ld returned 1 exit status
configure:7933: $? = 1
configure: failed program was:
| /* confdefs.h */
| #define PACKAGE_NAME "Verilator"
| #define PACKAGE_TARNAME "verilator"
| #define PACKAGE_VERSION "4.106 2020-12-02"
| #define PACKAGE_STRING "Verilator 4.106 2020-12-02"
| #define PACKAGE_BUGREPORT "https://verilator.org"
| #define PACKAGE_URL "https://verilator.org"
| #define HAVE_STDIO_H 1
| #define HAVE_STDLIB_H 1
| #define HAVE_STRING_H 1
| #define HAVE_INTTYPES_H 1
| #define HAVE_STDINT_H 1
| #define HAVE_STRINGS_H 1
| #define HAVE_SYS_STAT_H 1
| #define HAVE_SYS_TYPES_H 1
| #define HAVE_UNISTD_H 1
| #define STDC_HEADERS 1
| /* end confdefs.h.  */
| 
| int
| main (void)
| {
| 
|   ;
|   return 0;
| }
configure:7946: result: no
configure:7968: checking whether g++ linker accepts -lpsapi
configure:7981: g++ -o conftest       conftest.cpp  -lpsapi >&5
/usr/bin/ld: cannot find -lpsapi: No such file or directory
collect2: error: ld returned 1 exit status
configure:7981: $? = 1
configure: failed program was:
| /* confdefs.h */
| #define PACKAGE_NAME "Verilator"
| #define PACKAGE_TARNAME "verilator"
| #define PACKAGE_VERSION "4.106 2020-12-02"
| #define PACKAGE_STRING "Verilator 4.106 2020-12-02"
| #define PACKAGE_BUGREPORT "https://verilator.org"
| #define PACKAGE_URL "https://verilator.org"
| #define HAVE_STDIO_H 1
| #define HAVE_STDLIB_H 1
| #define HAVE_STRING_H 1
| #define HAVE_INTTYPES_H 1
| #define HAVE_STDINT_H 1
| #define HAVE_STRINGS_H 1
| #define HAVE_SYS_STAT_H 1
| #define HAVE_SYS_TYPES_H 1
| #define HAVE_UNISTD_H 1
| #define STDC_HEADERS 1
| /* end confdefs.h.  */
| 
| int
| main (void)
| {
| 
|   ;
|   return 0;
| }
configure:7994: result: no
configure:8016: checking whether g++ linker accepts -l:libtcmalloc_minimal.a
configure:8029: g++ -o conftest       conftest.cpp  -l:libtcmalloc_minimal.a >&5
/usr/bin/ld: cannot find -l:libtcmalloc_minimal.a: No such file or directory
collect2: error: ld returned 1 exit status
configure:8029: $? = 1
configure: failed program was:
| /* confdefs.h */
| #define PACKAGE_NAME "Verilator"
| #define PACKAGE_TARNAME "verilator"
| #define PACKAGE_VERSION "4.106 2020-12-02"
| #define PACKAGE_STRING "Verilator 4.106 2020-12-02"
| #define PACKAGE_BUGREPORT "https://verilator.org"
| #define PACKAGE_URL "https://verilator.org"
| #define HAVE_STDIO_H 1
| #define HAVE_STDLIB_H 1
| #define HAVE_STRING_H 1
| #define HAVE_INTTYPES_H 1
| #define HAVE_STDINT_H 1
| #define HAVE_STRINGS_H 1
| #define HAVE_SYS_STAT_H 1
| #define HAVE_SYS_TYPES_H 1
| #define HAVE_UNISTD_H 1
| #define STDC_HEADERS 1
| /* end confdefs.h.  */
| 
| int
| main (void)
| {
| 
|   ;
|   return 0;
| }
configure:8042: result: no
configure:8342: checking whether g++ supports C++11
configure:8361: g++ -o conftest       conftest.cpp  >&5
configure:8361: $? = 0
configure:8375: result: yes
configure:8426: checking for struct stat.st_mtim.tv_nsec
configure:8426: g++ -c     conftest.cpp >&5
configure:8426: $? = 0
configure:8426: result: yes
configure:8440: checking whether SystemC is found (in system path)
configure:8457: g++ -o conftest       conftest.cpp  -lsystemc >&5
conftest.cpp:20:10: fatal error: systemc.h: No such file or directory
   20 | #include <systemc.h>
      |          ^~~~~~~~~~~
compilation terminated.
configure:8457: $? = 1
configure: failed program was:
| /* confdefs.h */
| #define PACKAGE_NAME "Verilator"
| #define PACKAGE_TARNAME "verilator"
| #define PACKAGE_VERSION "4.106 2020-12-02"
| #define PACKAGE_STRING "Verilator 4.106 2020-12-02"
| #define PACKAGE_BUGREPORT "https://verilator.org"
| #define PACKAGE_URL "https://verilator.org"
| #define HAVE_STDIO_H 1
| #define HAVE_STDLIB_H 1
| #define HAVE_STRING_H 1
| #define HAVE_INTTYPES_H 1
| #define HAVE_STDINT_H 1
| #define HAVE_STRINGS_H 1
| #define HAVE_SYS_STAT_H 1
| #define HAVE_SYS_TYPES_H 1
| #define HAVE_UNISTD_H 1
| #define STDC_HEADERS 1
| #define HAVE_STAT_NSEC 1
| /* end confdefs.h.  */
| #include <systemc.h>
|                      extern "C" int sc_main(int argc, char* argv[]) {}
| 
| int
| main (void)
| {
| sc_version()
|   ;
|   return 0;
| }
configure:8468: result: no
configure:8587: creating ./config.status

## ---------------------- ##
## Running config.status. ##
## ---------------------- ##

This file was extended by Verilator config.status 4.106 2020-12-02, which was
generated by GNU Autoconf 2.71.  Invocation command line was

  CONFIG_FILES    = 
  CONFIG_HEADERS  = 
  CONFIG_LINKS    = 
  CONFIG_COMMANDS = 
  $ ./config.status 

on Ubaid-PC

config.status:829: creating Makefile
config.status:829: creating docs/Makefile
config.status:829: creating src/Makefile
config.status:829: creating src/Makefile_obj
config.status:829: creating include/verilated.mk
config.status:829: creating include/verilated_config.h
config.status:829: creating verilator.pc
config.status:829: creating verilator-config.cmake
config.status:829: creating verilator-config-version.cmake
config.status:829: creating src/config_build.h
configure:9756: result: 
configure:9758: result: Now type 'make' (or sometimes 'gmake') to build Verilator.
configure:9760: result: 

## ---------------- ##
## Cache variables. ##
## ---------------- ##

ac_cv_c_compiler_gnu=yes
ac_cv_c_inline=inline
ac_cv_cxx_compiler_gnu=yes
ac_cv_env_CCC_set=
ac_cv_env_CCC_value=
ac_cv_env_CC_set=
ac_cv_env_CC_value=
ac_cv_env_CFLAGS_set=
ac_cv_env_CFLAGS_value=
ac_cv_env_CPPFLAGS_set=
ac_cv_env_CPPFLAGS_value=
ac_cv_env_CXXFLAGS_set=
ac_cv_env_CXXFLAGS_value=
ac_cv_env_CXX_set=
ac_cv_env_CXX_value=
ac_cv_env_LDFLAGS_set=
ac_cv_env_LDFLAGS_value=
ac_cv_env_LIBS_set=
ac_cv_env_LIBS_value=
ac_cv_env_build_alias_set=
ac_cv_env_build_alias_value=
ac_cv_env_host_alias_set=
ac_cv_env_host_alias_value=
ac_cv_env_target_alias_set=
ac_cv_env_target_alias_value=
ac_cv_header_inttypes_h=yes
ac_cv_header_stdint_h=yes
ac_cv_header_stdio_h=yes
ac_cv_header_stdlib_h=yes
ac_cv_header_string_h=yes
ac_cv_header_strings_h=yes
ac_cv_header_sys_stat_h=yes
ac_cv_header_sys_types_h=yes
ac_cv_header_unistd_h=yes
ac_cv_member_struct_stat_st_mtim_tv_nsec=yes
ac_cv_objext=o
ac_cv_path_LEX=/usr/bin/flex
ac_cv_path_PERL=/usr/bin/perl
ac_cv_path_YACC=/usr/bin/bison
ac_cv_path_install='/usr/bin/install -c'
ac_cv_prog_ac_ct_CC=gcc
ac_cv_prog_ac_ct_CXX=g++
ac_cv_prog_cc_c11=
ac_cv_prog_cc_g=yes
ac_cv_prog_cc_stdc=
ac_cv_prog_cxx_11=no
ac_cv_prog_cxx_cxx11=
ac_cv_prog_cxx_g=yes
ac_cv_prog_cxx_stdcxx=
ac_cv_type_size_t=yes

## ----------------- ##
## Output variables. ##
## ----------------- ##

CC='gcc'
CFG_CXXFLAGS_NO_UNUSED=' -faligned-new -fcf-protection=none -Wno-bool-operation -Wno-sign-compare -Wno-uninitialized -Wno-unused-but-set-variable -Wno-unused-parameter -Wno-unused-variable -Wno-shadow'
CFG_CXXFLAGS_PARSER=' -Wno-char-subscripts -Wno-unused'
CFG_CXXFLAGS_SRC=' -faligned-new -Wno-unused-parameter -Wno-shadow'
CFG_CXXFLAGS_STD_NEWEST='-std=gnu++14'
CFG_CXXFLAGS_STD_OLDEST='-std=c++03'
CFG_CXXFLAGS_WEXTRA=' -Wextra -Wfloat-conversion -Wlogical-op'
CFG_CXX_FLAGS_CMAKE='-faligned-new -fbracket-depth=4096 -fcf-protection=none -mno-cet -Qunused-arguments -Wno-bool-operation -Wno-tautological-bitwise-compare -Wno-parentheses-equality -Wno-sign-compare -Wno-uninitialized -Wno-unused-but-set-variable -Wno-unused-parameter -Wno-unused-variable -Wno-shadow'
CFG_LDFLAGS_SRC=' -static-libgcc -static-libstdc++ -Xlinker -gc-sections'
CFG_LDFLAGS_THREADS_CMAKE=' -mt -pthread -lpthread -latomic'
CFG_LDLIBS_THREADS=' -pthread -lpthread -latomic'
CFG_LIBS='  -lpthread'
CFG_WITH_CCWARN='no'
CFG_WITH_DEFENV='yes'
CFG_WITH_LONGTESTS='no'
CFLAGS=' '
CPPFLAGS=' '
CXX='g++'
CXXFLAGS=' '
DEFS='-DHAVE_CONFIG_H'
ECHO_C=''
ECHO_N='-n'
ECHO_T=''
EXEEXT=''
HAVE_SYSTEMC=''
INSTALL_DATA='${INSTALL} -m 644'
INSTALL_PROGRAM='${INSTALL}'
INSTALL_SCRIPT='${INSTALL}'
LDFLAGS=' '
LEX='/usr/bin/flex'
LIBOBJS=''
LIBS=''
LTLIBOBJS=''
OBJCACHE=''
OBJEXT='o'
PACKAGE_BUGREPORT='https://verilator.org'
PACKAGE_NAME='Verilator'
PACKAGE_STRING='Verilator 4.106 2020-12-02'
PACKAGE_TARNAME='verilator'
PACKAGE_URL='https://verilator.org'
PACKAGE_VERSION='4.106 2020-12-02'
PACKAGE_VERSION_NUMBER='4.106'
PATH_SEPARATOR=':'
PERL='/usr/bin/perl'
SHELL='/bin/bash'
YACC='/usr/bin/bison'
ac_ct_CC='gcc'
ac_ct_CXX='g++'
bindir='${exec_prefix}/bin'
build_alias=''
datadir='${datarootdir}'
datarootdir='${prefix}/share'
docdir='${datarootdir}/doc/${PACKAGE_TARNAME}'
dvidir='${docdir}'
exec_prefix='${prefix}'
host_alias=''
htmldir='${docdir}'
includedir='${prefix}/include'
infodir='${datarootdir}/info'
libdir='${exec_prefix}/lib'
libexecdir='${exec_prefix}/libexec'
localedir='${datarootdir}/locale'
localstatedir='${prefix}/var'
mandir='${datarootdir}/man'
oldincludedir='/usr/include'
pdfdir='${docdir}'
pkgconfigdir='${datarootdir}/pkgconfig'
pkgdatadir='${datarootdir}/verilator'
prefix='/usr/local'
program_transform_name='s,x,x,'
psdir='${docdir}'
runstatedir='${localstatedir}/run'
sbindir='${exec_prefix}/sbin'
sharedstatedir='${prefix}/com'
sysconfdir='${prefix}/etc'
target_alias=''

## ----------- ##
## confdefs.h. ##
## ----------- ##

/* confdefs.h */
#define PACKAGE_NAME "Verilator"
#define PACKAGE_TARNAME "verilator"
#define PACKAGE_VERSION "4.106 2020-12-02"
#define PACKAGE_STRING "Verilator 4.106 2020-12-02"
#define PACKAGE_BUGREPORT "https://verilator.org"
#define PACKAGE_URL "https://verilator.org"
#define HAVE_STDIO_H 1
#define HAVE_STDLIB_H 1
#define HAVE_STRING_H 1
#define HAVE_INTTYPES_H 1
#define HAVE_STDINT_H 1
#define HAVE_STRINGS_H 1
#define HAVE_SYS_STAT_H 1
#define HAVE_SYS_TYPES_H 1
#define HAVE_UNISTD_H 1
#define STDC_HEADERS 1
#define HAVE_STAT_NSEC 1

configure: exit 0
